<?xml version="1.0" encoding="UTF-8"?>
<testng-results ignored="0" total="1" passed="0" failed="1" skipped="0">
  <reporter-output>
  </reporter-output>
  <suite started-at="2023-12-05T08:18:58 IST" name="Default suite" finished-at="2023-12-05T08:19:23 IST" duration-ms="24465">
    <groups>
      <group name="cucumber">
        <method signature="AbstractTestNGCucumberTests.runScenario(io.cucumber.testng.PickleWrapper,io.cucumber.testng.FeatureWrapper)[pri:0, instance:cucumberrunnerFile.TestNGRunnerss@5e2c3d18]" name="runScenario" class="io.cucumber.testng.AbstractTestNGCucumberTests"/>
      </group> <!-- cucumber -->
    </groups>
    <test started-at="2023-12-05T08:18:58 IST" name="Default test" finished-at="2023-12-05T08:19:23 IST" duration-ms="24465">
      <class name="cucumberrunnerFile.TestNGRunnerss">
        <test-method is-config="true" signature="setUpClass(org.testng.ITestContext)[pri:0, instance:cucumberrunnerFile.TestNGRunnerss@5e2c3d18]" started-at="2023-12-05T08:18:58 IST" name="setUpClass" finished-at="2023-12-05T08:19:00 IST" duration-ms="1331" status="PASS">
          <params>
            <param index="0">
              <value>
                <![CDATA[org.testng.TestRunner@3e1fd62b]]>
              </value>
            </param>
          </params>
          <reporter-output>
          </reporter-output>
        </test-method> <!-- setUpClass -->
        <test-method signature="runScenario(io.cucumber.testng.PickleWrapper,io.cucumber.testng.FeatureWrapper)[pri:0, instance:cucumberrunnerFile.TestNGRunnerss@5e2c3d18]" started-at="2023-12-05T08:19:00 IST" name="runScenario" description="Runs Cucumber Scenarios" data-provider="scenarios" finished-at="2023-12-05T08:19:23 IST" duration-ms="22958" status="FAIL">
          <params>
            <param index="0">
              <value>
                <![CDATA["Navigate to Web Application"]]>
              </value>
            </param>
            <param index="1">
              <value>
                <![CDATA["Navigate to Web Application which you want to Automate"]]>
              </value>
            </param>
          </params>
          <exception class="org.openqa.selenium.InvalidSelectorException">
            <message>
              <![CDATA[Given xpath expression "//*[text()='Exploree'])[1]" is invalid: SyntaxError: Document.evaluate: The expression is not a legal expression
For documentation on this error, please visit: https://www.selenium.dev/documentation/webdriver/troubleshooting/errors#invalid-selector-exception
Build info: version: '4.10.0', revision: 'c14d967899'
System info: os.name: 'Windows 10', os.arch: 'amd64', os.version: '10.0', java.version: '17.0.8'
Driver info: org.openqa.selenium.firefox.FirefoxDriver
Command: [c41f6bcd-0dbd-4afd-8e98-47f8b19792e8, findElement {using=xpath, value=//*[text()='Exploree'])[1]}]
Capabilities {acceptInsecureCerts: true, browserName: firefox, browserVersion: 121.0, moz:accessibilityChecks: false, moz:buildID: 20231120154937, moz:debuggerAddress: 127.0.0.1:19096, moz:geckodriverVersion: 0.33.0, moz:headless: false, moz:platformVersion: 10.0, moz:processID: 7312, moz:profile: C:\Users\Dell\AppData\Local..., moz:shutdownTimeout: 60000, moz:webdriverClick: true, moz:windowless: false, pageLoadStrategy: normal, platformName: windows, proxy: Proxy(), se:cdp: ws://127.0.0.1:19096/devtoo..., se:cdpVersion: 85.0, setWindowRect: true, strictFileInteractability: false, timeouts: {implicit: 0, pageLoad: 300000, script: 30000}, unhandledPromptBehavior: dismiss and notify}
Session ID: c41f6bcd-0dbd-4afd-8e98-47f8b19792e8]]>
            </message>
            <full-stacktrace>
              <![CDATA[org.openqa.selenium.InvalidSelectorException: Given xpath expression "//*[text()='Exploree'])[1]" is invalid: SyntaxError: Document.evaluate: The expression is not a legal expression
For documentation on this error, please visit: https://www.selenium.dev/documentation/webdriver/troubleshooting/errors#invalid-selector-exception
Build info: version: '4.10.0', revision: 'c14d967899'
System info: os.name: 'Windows 10', os.arch: 'amd64', os.version: '10.0', java.version: '17.0.8'
Driver info: org.openqa.selenium.firefox.FirefoxDriver
Command: [c41f6bcd-0dbd-4afd-8e98-47f8b19792e8, findElement {using=xpath, value=//*[text()='Exploree'])[1]}]
Capabilities {acceptInsecureCerts: true, browserName: firefox, browserVersion: 121.0, moz:accessibilityChecks: false, moz:buildID: 20231120154937, moz:debuggerAddress: 127.0.0.1:19096, moz:geckodriverVersion: 0.33.0, moz:headless: false, moz:platformVersion: 10.0, moz:processID: 7312, moz:profile: C:\Users\Dell\AppData\Local..., moz:shutdownTimeout: 60000, moz:webdriverClick: true, moz:windowless: false, pageLoadStrategy: normal, platformName: windows, proxy: Proxy(), se:cdp: ws://127.0.0.1:19096/devtoo..., se:cdpVersion: 85.0, setWindowRect: true, strictFileInteractability: false, timeouts: {implicit: 0, pageLoad: 300000, script: 30000}, unhandledPromptBehavior: dismiss and notify}
Session ID: c41f6bcd-0dbd-4afd-8e98-47f8b19792e8
at java.base/jdk.internal.reflect.NativeConstructorAccessorImpl.newInstance0(Native Method)
at java.base/jdk.internal.reflect.NativeConstructorAccessorImpl.newInstance(NativeConstructorAccessorImpl.java:77)
at java.base/jdk.internal.reflect.DelegatingConstructorAccessorImpl.newInstance(DelegatingConstructorAccessorImpl.java:45)
at java.base/java.lang.reflect.Constructor.newInstanceWithCaller(Constructor.java:499)
at java.base/java.lang.reflect.Constructor.newInstance(Constructor.java:480)
at org.openqa.selenium.remote.codec.w3c.W3CHttpResponseCodec.createException(W3CHttpResponseCodec.java:199)
at org.openqa.selenium.remote.codec.w3c.W3CHttpResponseCodec.decode(W3CHttpResponseCodec.java:132)
at org.openqa.selenium.remote.codec.w3c.W3CHttpResponseCodec.decode(W3CHttpResponseCodec.java:51)
at org.openqa.selenium.remote.HttpCommandExecutor.execute(HttpCommandExecutor.java:191)
at org.openqa.selenium.remote.service.DriverCommandExecutor.invokeExecute(DriverCommandExecutor.java:196)
at org.openqa.selenium.remote.service.DriverCommandExecutor.execute(DriverCommandExecutor.java:171)
at org.openqa.selenium.remote.RemoteWebDriver.execute(RemoteWebDriver.java:531)
at org.openqa.selenium.remote.ElementLocation$ElementFinder$2.findElement(ElementLocation.java:165)
at org.openqa.selenium.remote.ElementLocation.findElement(ElementLocation.java:59)
at org.openqa.selenium.remote.RemoteWebDriver.findElement(RemoteWebDriver.java:350)
at org.openqa.selenium.remote.RemoteWebDriver.findElement(RemoteWebDriver.java:344)
at seleniumWebelements.Exploree.exploreList(Exploree.java:13)
at Steps.StepFile.step2(StepFile.java:36)
at ✽.Explore the List(file:///G:/Framework%20Manish%20Batch/WebApplicationSeleniumss/srcc/FeatureFile/Test.feature:24)
]]>
            </full-stacktrace>
          </exception> <!-- org.openqa.selenium.InvalidSelectorException -->
          <reporter-output>
          </reporter-output>
        </test-method> <!-- runScenario -->
        <test-method is-config="true" signature="tearDownClass()[pri:0, instance:cucumberrunnerFile.TestNGRunnerss@5e2c3d18]" started-at="2023-12-05T08:19:23 IST" name="tearDownClass" finished-at="2023-12-05T08:19:23 IST" duration-ms="28" status="PASS">
          <reporter-output>
          </reporter-output>
        </test-method> <!-- tearDownClass -->
      </class> <!-- cucumberrunnerFile.TestNGRunnerss -->
    </test> <!-- Default test -->
  </suite> <!-- Default suite -->
</testng-results>
